[0.006s] Invoking command in '/home/leomorningrain/code/ws01_plumbing/build/cpp03_action': CMAKE_PREFIX_PATH=/home/leomorningrain/code/ws01_plumbing/install/base_interfaces_demo:/home/leomorningrain/code/ws01_plumbing/install/cpp03_action:/opt/ros/humble LD_LIBRARY_PATH=/home/leomorningrain/code/ws01_plumbing/install/base_interfaces_demo/lib:/opt/ros/humble/opt/rviz_ogre_vendor/lib:/opt/ros/humble/lib/x86_64-linux-gnu:/opt/ros/humble/lib:/usr/local/lib:/usr/local/lib /usr/bin/cmake --build /home/leomorningrain/code/ws01_plumbing/build/cpp03_action -- -j32 -l32
[0.028s] [35m[1mConsolidate compiler generated dependencies of target demo02_action_client[0m
[0.033s] [ 50%] Built target demo01_action_server
[0.036s] [ 75%] [32mBuilding CXX object CMakeFiles/demo02_action_client.dir/src/demo02_action_client.cpp.o[0m
[1.113s] [01m[K/home/leomorningrain/code/ws01_plumbing/src/cpp03_action/src/demo02_action_client.cpp:[m[K In member function â€˜[01m[Kvoid ProgressActionClient::result_callback(const rclcpp_action::ClientGoalHandle<base_interfaces_demo::action::Progress>::WrappedResult&)[m[Kâ€™:
[1.113s] [01m[K/home/leomorningrain/code/ws01_plumbing/src/cpp03_action/src/demo02_action_client.cpp:139:30:[m[K [01;31m[Kerror: [m[Kassignment of member â€˜[01m[Krclcpp_action::ClientGoalHandle<base_interfaces_demo::action::Progress>::WrappedResult::code[m[Kâ€™ in read-only object
[1.113s]   139 |         else if ([01;31m[Kresult.code = rclcpp_action::ResultCode::CANCELED[m[K)
[1.113s]       |                  [01;31m[K~~~~~~~~~~~~^~~~~~~~~~~~~~~~~~~~~~~~~~~~~~~~~~~~~[m[K
[1.113s] [01m[K/home/leomorningrain/code/ws01_plumbing/src/cpp03_action/src/demo02_action_client.cpp:143:30:[m[K [01;31m[Kerror: [m[Kassignment of member â€˜[01m[Krclcpp_action::ClientGoalHandle<base_interfaces_demo::action::Progress>::WrappedResult::code[m[Kâ€™ in read-only object
[1.113s]   143 |         else if ([01;31m[Kresult.code = rclcpp_action::ResultCode::UNKNOWN[m[K)
[1.113s]       |                  [01;31m[K~~~~~~~~~~~~^~~~~~~~~~~~~~~~~~~~~~~~~~~~~~~~~~~~[m[K
[1.447s] gmake[2]: *** [CMakeFiles/demo02_action_client.dir/build.make:76: CMakeFiles/demo02_action_client.dir/src/demo02_action_client.cpp.o] Error 1
[1.447s] gmake[1]: *** [CMakeFiles/Makefile2:165: CMakeFiles/demo02_action_client.dir/all] Error 2
[1.447s] gmake: *** [Makefile:146: all] Error 2
[1.449s] Invoked command in '/home/leomorningrain/code/ws01_plumbing/build/cpp03_action' returned '2': CMAKE_PREFIX_PATH=/home/leomorningrain/code/ws01_plumbing/install/base_interfaces_demo:/home/leomorningrain/code/ws01_plumbing/install/cpp03_action:/opt/ros/humble LD_LIBRARY_PATH=/home/leomorningrain/code/ws01_plumbing/install/base_interfaces_demo/lib:/opt/ros/humble/opt/rviz_ogre_vendor/lib:/opt/ros/humble/lib/x86_64-linux-gnu:/opt/ros/humble/lib:/usr/local/lib:/usr/local/lib /usr/bin/cmake --build /home/leomorningrain/code/ws01_plumbing/build/cpp03_action -- -j32 -l32
