-- Found ament_cmake: 1.3.8 (/opt/ros/humble/share/ament_cmake/cmake)
-- Override CMake install command with custom implementation using symlinks instead of copying resources
-- Found rclcpp: 16.0.8 (/opt/ros/humble/share/rclcpp/cmake)
-- Found rosidl_generator_c: 3.1.5 (/opt/ros/humble/share/rosidl_generator_c/cmake)
-- Found rosidl_adapter: 3.1.5 (/opt/ros/humble/share/rosidl_adapter/cmake)
-- Found rosidl_generator_cpp: 3.1.5 (/opt/ros/humble/share/rosidl_generator_cpp/cmake)
-- Using all available rosidl_typesupport_c: rosidl_typesupport_fastrtps_c;rosidl_typesupport_introspection_c
-- Using all available rosidl_typesupport_cpp: rosidl_typesupport_fastrtps_cpp;rosidl_typesupport_introspection_cpp
-- Found rmw_implementation_cmake: 6.1.1 (/opt/ros/humble/share/rmw_implementation_cmake/cmake)
-- Found rmw_fastrtps_cpp: 6.2.6 (/opt/ros/humble/share/rmw_fastrtps_cpp/cmake)
-- Using RMW implementation 'rmw_fastrtps_cpp' as default
-- Found ament_lint_auto: 0.12.10 (/opt/ros/humble/share/ament_lint_auto/cmake)
-- Added test 'cppcheck' to perform static code analysis on C / C++ code
-- Configured cppcheck include dirs: 
-- Configured cppcheck exclude dirs and/or files: 
-- Added test 'lint_cmake' to check CMake code style
-- Added test 'uncrustify' to check C / C++ code style
-- Configured uncrustify additional arguments: 
-- Added test 'xmllint' to check XML markup files
-- Configuring done
-- Generating done
-- Build files have been written to: /home/leomorningrain/code/town_ws/build/village_wang
[ 50%] [32mBuilding CXX object CMakeFiles/wang2_node.dir/src/wang2.cpp.o[0m
[01m[K/home/leomorningrain/code/town_ws/src/village_wang/src/wang2.cpp:23:5:[m[K [01;31m[Kerror: [m[Kextra qualification â€˜[01m[KSingleDogNode::[m[Kâ€™ on member â€˜[01m[KSingleDogNode[m[Kâ€™ [[01;31m[K]8;;https://gcc.gnu.org/onlinedocs/gcc/Warning-Options.html#index-fpermissive-fpermissive]8;;[m[K]
   23 |     [01;31m[KSingleDogNode[m[K::SingleDogNode(std::string name) : Node(name)
      |     [01;31m[K^~~~~~~~~~~~~[m[K
[01m[K/home/leomorningrain/code/town_ws/src/village_wang/src/wang2.cpp:[m[K In constructor â€˜[01m[KSingleDogNode::SingleDogNode(std::string)[m[Kâ€™:
[01m[K/home/leomorningrain/code/town_ws/src/village_wang/src/wang2.cpp:26:27:[m[K [01;31m[Kerror: [m[Kparse error in template argument list
   26 |         sub_novel = this->[01;31m[Kcreate_subscription<std_msgs::msg::String, >[m[K("sex_girl", 10, std::bind(SingleDogNode::novel_callback, this, _1));
      |                           [01;31m[K^~~~~~~~~~~~~~~~~~~~~~~~~~~~~~~~~~~~~~~~~~~~[m[K
[01m[K/home/leomorningrain/code/town_ws/src/village_wang/src/wang2.cpp:26:113:[m[K [01;31m[Kerror: [m[Kinvalid use of non-static member function â€˜[01m[Kvoid SingleDogNode::novel_callback(std_msgs::msg::String_<std::allocator<void> >::SharedPtr)[m[Kâ€™
   26 |         sub_novel = this->create_subscription<std_msgs::msg::String, >("sex_girl", 10, std::bind([01;31m[KSingleDogNode::novel_callback[m[K, this, _1));
      |                                                                                                  [01;31m[K~~~~~~~~~~~~~~~^~~~~~~~~~~~~~[m[K
[01m[K/home/leomorningrain/code/town_ws/src/village_wang/src/wang2.cpp:15:10:[m[K [01;36m[Knote: [m[Kdeclared here
   15 |     void [01;36m[Knovel_callback[m[K(const std_msgs::msg::String::SharedPtr novels)
      |          [01;36m[K^~~~~~~~~~~~~~[m[K
gmake[2]: *** [CMakeFiles/wang2_node.dir/build.make:76: CMakeFiles/wang2_node.dir/src/wang2.cpp.o] Error 1
gmake[1]: *** [CMakeFiles/Makefile2:137: CMakeFiles/wang2_node.dir/all] Error 2
gmake: *** [Makefile:146: all] Error 2
